Unity Editor version:    6000.4.6f1 (0b051c2e5d54)
Branch:                  6000.4/staging
Build type:              Release
Batch mode:              YES
macOS version:           Version 26.4.1 (Build 25E253)
Darwin version:          25.4.0
Architecture:            arm64
Running under Rosetta:   NO
Available memory:        16384 MB
Date:                    2026-06-05T00:59:49Z
[Licensing::Module] Trying to connect to existing licensing client channel...
[Licensing::IpcConnector] Successfully connected to: "LicenseClient-user" at "2026-06-05T00:59:49.09373Z"
Launching external process: /Applications/Unity/Hub/Editor/6000.4.6f1/Unity.app/Contents/Helpers/PackageManager/Server/UnityPackageManager

COMMAND LINE ARGUMENTS:
/Applications/Unity/Hub/Editor/6000.4.6f1/Unity.app/Contents/MacOS/Unity
-batchmode
-quit
-projectPath
/Users/user/Documents/UnityProjects/PushNotificationGod
-executeMethod
MvpSceneBuilder.BuildAll
-logFile
/Users/user/Documents/UnityProjects/PushNotificationGod/Logs/FixFixedSlotsBuild.log
Successfully changed project path to: /Users/user/Documents/UnityProjects/PushNotificationGod
/Users/user/Documents/UnityProjects/PushNotificationGod
[UnityMemory] Configuration Parameters - Can be set up in boot.config
    "memorysetup-temp-allocator-size-gi-baking-worker=262144"
    "memorysetup-temp-allocator-size-gi-baking-worker=262144"
    "memorysetup-temp-allocator-size-gi-baking-worker=262144"
    "memorysetup-temp-allocator-size-gi-baking-worker=262144"
    "memorysetup-temp-allocator-size-gi-baking-worker=262144"
    "memorysetup-temp-allocator-size-nav-mesh-worker=65536"
    "memorysetup-temp-allocator-size-audio-worker=65536"
    "memorysetup-temp-allocator-size-cloud-worker=32768"
    "memorysetup-allocator-temp-initial-block-size-main=262144"
    "memorysetup-allocator-temp-initial-block-size-worker=262144"
    "memorysetup-temp-allocator-size-background-worker=32768"
    "memorysetup-temp-allocator-size-job-worker=262144"
    "memorysetup-temp-allocator-size-preload-manager=33554432"
    "memorysetup-temp-allocator-size-gfx=262144"
    "memorysetup-bucket-allocator-granularity=16"
    "memorysetup-bucket-allocator-bucket-count=8"
    "memorysetup-bucket-allocator-block-size=33554432"
    "memorysetup-bucket-allocator-block-count=8"
    "memorysetup-main-allocator-block-size=16777216"
    "memorysetup-thread-allocator-block-size=16777216"
    "memorysetup-gfx-main-allocator-block-size=16777216"
    "memorysetup-gfx-thread-allocator-block-size=16777216"
    "memorysetup-cache-allocator-block-size=4194304"
    "memorysetup-typetree-allocator-block-size=2097152"
    "memorysetup-profiler-bucket-allocator-granularity=16"
    "memorysetup-profiler-bucket-allocator-bucket-count=8"
    "memorysetup-profiler-bucket-allocator-block-size=33554432"
    "memorysetup-profiler-bucket-allocator-block-count=8"
    "memorysetup-profiler-allocator-block-size=16777216"
    "memorysetup-profiler-editor-allocator-block-size=1048576"
    "memorysetup-temp-allocator-size-main=16777216"
    "memorysetup-job-temp-allocator-block-size=2097152"
    "memorysetup-job-temp-allocator-block-size-background=1048576"
    "memorysetup-job-temp-allocator-reduction-small-platforms=262144"
Player connection [8381077696]  Target information:

Player connection [8381077696]  * "[IP] 192.168.1.4 [Port] 55504 [Flags] 2 [Guid] 3444510340 [EditorId] 3444510340 [Version] 1048832 [Id] OSXEditor(0,usernoMacBook-Air.local) [Debug] 1 [PackageName] OSXEditor [ProjectName] Editor" 

Player connection [8381077696] Host joined multi-casting on [225.0.0.222:54997]...
Player connection [8381077696] Host joined alternative multi-casting on [225.0.0.222:34997]...
Input System module state changed to: Initialized.
[Physics::Module] Initialized fallback backend.
[Physics::Module] Id: 0xdecafbad
[Package Manager] Connected to IPC stream "Upm-73290" after 0.1 seconds.
[Licensing::Module] Licensing is not yet initialized.
[Licensing::Client] Error: HandshakeResponse reported an error:
	ResponseCode: 505
	ResponseStatus: Unsupported protocol version '1.18.1'.
[Licensing::Module] Error: Failed to handshake to channel: "LicenseClient-user"
[Licensing::IpcConnector] LicenseClient-user channel disconnected successfully.
[Licensing::IpcConnector] Channel LicenseClient-user-6000.4.6 doesn't exist
Launching external process: /Applications/Unity/Hub/Editor/6000.4.6f1/Unity.app/Contents/Helpers/UnityLicensingClient.app/Contents/MacOS/Unity.Licensing.Client
[Licensing::Module] Successfully launched the LicensingClient (PId: 73293)
[Licensing::IpcConnector] Successfully connected to: "LicenseClient-user-6000.4.6" at "2026-06-05T00:59:49.807527Z"
[Licensing::Client] Handshaking with LicensingClient:
  Version:                 1.18.1+9fbee8e
  Session Id:              ef22924b06e040eb8c5686a14fdb3ade
  Correlation Id:          b2c2dc0992d8ffe5620cf21ba54d2c74
  External correlation Id: 473610440617897286
  Machine Id:              dfPQlxD1sMgPma9v0p8fSxOU5X8=
[Licensing::Module] Successfully connected to LicensingClient on channel: "LicenseClient-user-6000.4.6" (connect: 0.38s, validation: 0.02s, handshake: 0.33s)
[Licensing::IpcConnector] Successfully connected to: "LicenseClient-user-6000.4.6-notifications" at "2026-06-05T00:59:50.156896Z"
[Licensing::Module] Connected to LicensingClient (PId: 73293, launch time: 0.00, total connection time: 0.73s)
[Licensing::Module] Error: Access token is unavailable; failed to update
[Licensing::Client] Successfully resolved entitlement details
[Licensing::Module] License group:
  Id: 15669700947987-UnityPersXXXX
  Product: Unity Personal
  Type: Assigned
  Expiration: Unlimited
[Licensing::Client] Successfully updated license, isAsync: True, time: 0.00
[Licensing::Client] Successfully resolved entitlement details
[Licensing::Module] Licensing Background thread has ended after 1.07s
[Licensing::Module] Licensing is initialized (took 0.82s).
[Licensing::Client] Successfully resolved entitlement details
Library Redirect Path: Library/
[Physics::Module] Selected backend.
[Physics::Module] Name: PhysX
[Physics::Module] Id: 0xf2b8ea05
[Physics::Module] SDK Version: 4.1.2
[Physics::Module] Integration Version: 1.0.0
[Physics::Module] Threading Mode: Multi-Threaded
Initialize engine version: 6000.4.6f1 (0b051c2e5d54)
[Subsystems] Discovering subsystems at path /Applications/Unity/Hub/Editor/6000.4.6f1/Unity.app/Contents/Resources/UnitySubsystems
[Subsystems] Discovering subsystems at path /Users/user/Documents/UnityProjects/PushNotificationGod/Assets
GfxDevice: creating device client; kGfxThreadingModeNonThreaded
 preferred device: Apple M1 (high power)
Metal devices available: 1
0: Apple M1 (high power)
Using device Apple M1 (high power)
Initializing Metal device caps: Apple M1
Mac GPU Family: 2
Apple GPU Family: 7
MSL Version: 3.0
Has Float MSAA: 1
Has Float Filtering: 1
ReadWrite Texture Tier: 2
Initialize mono
Mono path[0] = '/Applications/Unity/Hub/Editor/6000.4.6f1/Unity.app/Contents/Resources/Scripting/Managed'
Mono path[1] = '/Applications/Unity/Hub/Editor/6000.4.6f1/Unity.app/Contents/Resources/Scripting/MonoBleedingEdge/lib/mono/unityjit-macos'
Mono config path = '/Applications/Unity/Hub/Editor/6000.4.6f1/Unity.app/Contents/Resources/Scripting/MonoBleedingEdge/etc'
Using monoOptions --debugger-agent=transport=dt_socket,embedding=1,server=y,suspend=n,address=127.0.0.1:56290
CodeReloadManager initialized
Using cacheserver namespaces - metadata:defaultmetadata, artifacts:defaultartifacts
Using cacheserver namespaces - metadata:defaultmetadata, artifacts:defaultartifacts
ImportWorker Server TCP listen port: 0
AcceleratorClientConnectionCallback - disconnected - :0
Begin MonoManager ReloadAssembly
Registering precompiled unity dll's ...
Register platform support module: /Applications/Unity/Hub/Editor/6000.4.6f1/PlaybackEngines/WebGLSupport/UnityEditor.WebGL.Extensions.dll
Register platform support module: /Applications/Unity/Hub/Editor/6000.4.6f1/Unity.app/Contents/PlaybackEngines/MacStandaloneSupport/UnityEditor.OSXStandalone.Extensions.dll
Registered in 0.000461 seconds.
Native extension for OSXStandalone target not found
Native extension for WebGL target not found
Package Manager log level set to [2]
ScheduleIndexationOnStartup MainProcess:False IndexOnStartup:True
Mono: successfully reloaded assembly
- Finished resetting the current domain, in  0.239 seconds
Domain Reload Profiling: 511ms
	BeginReloadAssembly (63ms)
		CreateAndSetChildDomain (6ms)
	RebuildCommonClasses (27ms)
	RebuildNativeTypeToScriptingClass (11ms)
	initialDomainReloadingComplete (33ms)
	LoadAllAssembliesAndSetupDomain (137ms)
		LoadAssemblies (58ms)
		AnalyzeDomain (131ms)
			TypeCache.Refresh (130ms)
				TypeCache.ScanAssembly (120ms)
	FinalizeReload (240ms)
		SetupLoadedEditorAssemblies (0ms)
			InitializePlatformSupportModulesInManaged (25ms)
			BeforeProcessingInitializeOnLoad (55ms)
			ProcessInitializeOnLoadAttributes (65ms)
			ProcessInitializeOnLoadMethodAttributes (49ms)
[Licensing::Client] Successfully resolved entitlement details
Application.AssetDatabase Initial Refresh Start
[Package Manager] Restoring resolved packages state from cache
[Licensing::Client] Successfully resolved entitlement details
[Package Manager] Registered 38 packages:
  Built-in packages:
    com.unity.ugui@2.0.0 (location: /Users/user/Documents/UnityProjects/PushNotificationGod/Library/PackageCache/com.unity.ugui@473409526770)
    com.unity.multiplayer.center@1.0.1 (location: /Users/user/Documents/UnityProjects/PushNotificationGod/Library/PackageCache/com.unity.multiplayer.center@f01f4ba8d00a)
    com.unity.modules.accessibility@1.0.0 (location: /Users/user/Documents/UnityProjects/PushNotificationGod/Library/PackageCache/com.unity.modules.accessibility)
    com.unity.modules.adaptiveperformance@1.0.0 (location: /Users/user/Documents/UnityProjects/PushNotificationGod/Library/PackageCache/com.unity.modules.adaptiveperformance)
    com.unity.modules.ai@1.0.0 (location: /Users/user/Documents/UnityProjects/PushNotificationGod/Library/PackageCache/com.unity.modules.ai)
    com.unity.modules.androidjni@1.0.0 (location: /Users/user/Documents/UnityProjects/PushNotificationGod/Library/PackageCache/com.unity.modules.androidjni)
    com.unity.modules.animation@1.0.0 (location: /Users/user/Documents/UnityProjects/PushNotificationGod/Library/PackageCache/com.unity.modules.animation)
    com.unity.modules.assetbundle@1.0.0 (location: /Users/user/Documents/UnityProjects/PushNotificationGod/Library/PackageCache/com.unity.modules.assetbundle)
    com.unity.modules.audio@1.0.0 (location: /Users/user/Documents/UnityProjects/PushNotificationGod/Library/PackageCache/com.unity.modules.audio)
    com.unity.modules.cloth@1.0.0 (location: /Users/user/Documents/UnityProjects/PushNotificationGod/Library/PackageCache/com.unity.modules.cloth)
    com.unity.modules.director@1.0.0 (location: /Users/user/Documents/UnityProjects/PushNotificationGod/Library/PackageCache/com.unity.modules.director)
    com.unity.modules.imageconversion@1.0.0 (location: /Users/user/Documents/UnityProjects/PushNotificationGod/Library/PackageCache/com.unity.modules.imageconversion)
    com.unity.modules.imgui@1.0.0 (location: /Users/user/Documents/UnityProjects/PushNotificationGod/Library/PackageCache/com.unity.modules.imgui)
    com.unity.modules.jsonserialize@1.0.0 (location: /Users/user/Documents/UnityProjects/PushNotificationGod/Library/PackageCache/com.unity.modules.jsonserialize)
    com.unity.modules.particlesystem@1.0.0 (location: /Users/user/Documents/UnityProjects/PushNotificationGod/Library/PackageCache/com.unity.modules.particlesystem)
    com.unity.modules.physics@1.0.0 (location: /Users/user/Documents/UnityProjects/PushNotificationGod/Library/PackageCache/com.unity.modules.physics)
    com.unity.modules.physics2d@1.0.0 (location: /Users/user/Documents/UnityProjects/PushNotificationGod/Library/PackageCache/com.unity.modules.physics2d)
    com.unity.modules.screencapture@1.0.0 (location: /Users/user/Documents/UnityProjects/PushNotificationGod/Library/PackageCache/com.unity.modules.screencapture)
    com.unity.modules.terrain@1.0.0 (location: /Users/user/Documents/UnityProjects/PushNotificationGod/Library/PackageCache/com.unity.modules.terrain)
    com.unity.modules.terrainphysics@1.0.0 (location: /Users/user/Documents/UnityProjects/PushNotificationGod/Library/PackageCache/com.unity.modules.terrainphysics)
    com.unity.modules.tilemap@1.0.0 (location: /Users/user/Documents/UnityProjects/PushNotificationGod/Library/PackageCache/com.unity.modules.tilemap)
    com.unity.modules.ui@1.0.0 (location: /Users/user/Documents/UnityProjects/PushNotificationGod/Library/PackageCache/com.unity.modules.ui)
    com.unity.modules.uielements@1.0.0 (location: /Users/user/Documents/UnityProjects/PushNotificationGod/Library/PackageCache/com.unity.modules.uielements)
    com.unity.modules.umbra@1.0.0 (location: /Users/user/Documents/UnityProjects/PushNotificationGod/Library/PackageCache/com.unity.modules.umbra)
    com.unity.modules.unityanalytics@1.0.0 (location: /Users/user/Documents/UnityProjects/PushNotificationGod/Library/PackageCache/com.unity.modules.unityanalytics)
    com.unity.modules.unitywebrequest@1.0.0 (location: /Users/user/Documents/UnityProjects/PushNotificationGod/Library/PackageCache/com.unity.modules.unitywebrequest)
    com.unity.modules.unitywebrequestassetbundle@1.0.0 (location: /Users/user/Documents/UnityProjects/PushNotificationGod/Library/PackageCache/com.unity.modules.unitywebrequestassetbundle)
    com.unity.modules.unitywebrequestaudio@1.0.0 (location: /Users/user/Documents/UnityProjects/PushNotificationGod/Library/PackageCache/com.unity.modules.unitywebrequestaudio)
    com.unity.modules.unitywebrequesttexture@1.0.0 (location: /Users/user/Documents/UnityProjects/PushNotificationGod/Library/PackageCache/com.unity.modules.unitywebrequesttexture)
    com.unity.modules.unitywebrequestwww@1.0.0 (location: /Users/user/Documents/UnityProjects/PushNotificationGod/Library/PackageCache/com.unity.modules.unitywebrequestwww)
    com.unity.modules.vectorgraphics@1.0.0 (location: /Users/user/Documents/UnityProjects/PushNotificationGod/Library/PackageCache/com.unity.modules.vectorgraphics)
    com.unity.modules.vehicles@1.0.0 (location: /Users/user/Documents/UnityProjects/PushNotificationGod/Library/PackageCache/com.unity.modules.vehicles)
    com.unity.modules.video@1.0.0 (location: /Users/user/Documents/UnityProjects/PushNotificationGod/Library/PackageCache/com.unity.modules.video)
    com.unity.modules.vr@1.0.0 (location: /Users/user/Documents/UnityProjects/PushNotificationGod/Library/PackageCache/com.unity.modules.vr)
    com.unity.modules.wind@1.0.0 (location: /Users/user/Documents/UnityProjects/PushNotificationGod/Library/PackageCache/com.unity.modules.wind)
    com.unity.modules.xr@1.0.0 (location: /Users/user/Documents/UnityProjects/PushNotificationGod/Library/PackageCache/com.unity.modules.xr)
    com.unity.modules.subsystems@1.0.0 (location: /Users/user/Documents/UnityProjects/PushNotificationGod/Library/PackageCache/com.unity.modules.subsystems)
    com.unity.modules.hierarchycore@1.0.0 (location: /Users/user/Documents/UnityProjects/PushNotificationGod/Library/PackageCache/com.unity.modules.hierarchycore)
[Subsystems] No new subsystems found in resolved package list.
[Package Manager] Done registering packages in 0.00 seconds
[ScriptCompilation] Requested script compilation because: AssetDatabase observed changes in script compilation related files
info: Microsoft.Hosting.Lifetime[14]
      Now listening on: http://unix:/tmp/ilpp.sock-b5e68dd75172f0d20bd86e41ff9dd503
info: Microsoft.Hosting.Lifetime[0]
      Application started. Press Ctrl+C to shut down.
info: Microsoft.Hosting.Lifetime[0]
      Hosting environment: Production
info: Microsoft.Hosting.Lifetime[0]
      Content root path: /Users/user/Documents/UnityProjects/PushNotificationGod
info: Microsoft.AspNetCore.Hosting.Diagnostics[1]
      Request starting HTTP/2 POST http://ilpp/UnityILPP.PostProcessing/Ping - application/grpc -
info: Microsoft.AspNetCore.Routing.EndpointMiddleware[0]
      Executing endpoint 'gRPC - /UnityILPP.PostProcessing/Ping'
info: Microsoft.AspNetCore.Routing.EndpointMiddleware[1]
      Executed endpoint 'gRPC - /UnityILPP.PostProcessing/Ping'
info: Microsoft.AspNetCore.Hosting.Diagnostics[2]
      Request finished HTTP/2 POST http://ilpp/UnityILPP.PostProcessing/Ping - 200 - application/grpc 17.4279ms
Starting: /Applications/Unity/Hub/Editor/6000.4.6f1/Unity.app/Contents/Resources/BuildPipeline/bee_backend --ipc --defer-dag-verification --dagfile="Library/Bee/200b0aE.dag" --continue-on-failure --profile="Library/Bee/backend1.traceevents" ScriptAssemblies
WorkingDir: /Users/user/Documents/UnityProjects/PushNotificationGod
DisplayProgressbar: Compiling Scripts
ExitCode: 4 Duration: 1s50ms
Rebuilding DAG because FileSignature timestamp changed: Library/Bee/200b0aE-inputdata.json
[226/232    1s] Csc Library/Bee/artifacts/200b0aE.dag/Assembly-CSharp.dll (+2 others)
*** Tundra requires additional run (1.03 seconds), 1 items updated, 225 evaluated
Starting: /Applications/Unity/Hub/Editor/6000.4.6f1/Unity.app/Contents/Resources/Scripting/netcorerun/netcorerun "/Applications/Unity/Hub/Editor/6000.4.6f1/Unity.app/Contents/Resources/BuildPipeline/ScriptCompilationBuildProgram.exe" "Library/Bee/200b0aE.dag.json" "Library/Bee/200b0aE-inputdata.json" "Library/Bee/buildprogram0.traceevents"
WorkingDir: /Users/user/Documents/UnityProjects/PushNotificationGod
ExitCode: 0 Duration: 0s477ms
Starting: /Applications/Unity/Hub/Editor/6000.4.6f1/Unity.app/Contents/Resources/BuildPipeline/bee_backend --ipc --defer-dag-verification --dagfile="Library/Bee/200b0aE.dag" --continue-on-failure --dagfilejson="Library/Bee/200b0aE.dag.json" --profile="Library/Bee/backend2.traceevents" ScriptAssemblies
WorkingDir: /Users/user/Documents/UnityProjects/PushNotificationGod
ExitCode: 0 Duration: 1s250ms
Finished compiling graph: 235 nodes, 2093 flattened edges (1969 ToBuild, 20 ToUse), maximum node priority 118
[227/232    0s] CopyFiles Library/ScriptAssemblies/Assembly-CSharp.pdb
[228/232    0s] CopyFiles Library/ScriptAssemblies/Assembly-CSharp.dll
[229/232    1s] Csc Library/Bee/artifacts/200b0aE.dag/Assembly-CSharp-Editor.dll (+2 others)
Assets/Editor/MvpSceneBuilder.cs(58,66): warning CS0618: 'FindObjectsSortMode' is obsolete: 'FindObjectsSortMode has been deprecated. Use the FindObjectsByType overloads that do not take a FindObjectsSortMode parameter.'
Assets/Editor/MvpSceneBuilder.cs(58,33): warning CS0618: 'Object.FindObjectsByType<T>(FindObjectsSortMode)' is obsolete: 'FindObjectsByType with FindObjectsSortMode parameter has been deprecated. Use FindObjectsByType<T>() or FindObjectsByType<T>(FindObjectsInactive) instead. InstanceID will be replaced in the future with EntityId and previous sort order cannot be maintained.'
Assets/Editor/MvpSceneBuilder.cs(72,17): warning CS0618: 'Object.FindFirstObjectByType<T>()' is obsolete: 'FindFirstObjectByType has been deprecated because it relies on instance ID ordering. Use FindAnyObjectByType instead, which does not depend on ordering.'
[230/232    0s] CopyFiles Library/ScriptAssemblies/Assembly-CSharp-Editor.pdb
[231/232    0s] CopyFiles Library/ScriptAssemblies/Assembly-CSharp-Editor.dll
*** Tundra build success (1.24 seconds), 5 items updated, 232 evaluated
Assets/Editor/MvpSceneBuilder.cs(58,66): warning CS0618: 'FindObjectsSortMode' is obsolete: 'FindObjectsSortMode has been deprecated. Use the FindObjectsByType overloads that do not take a FindObjectsSortMode parameter.'
Assets/Editor/MvpSceneBuilder.cs(58,33): warning CS0618: 'Object.FindObjectsByType<T>(FindObjectsSortMode)' is obsolete: 'FindObjectsByType with FindObjectsSortMode parameter has been deprecated. Use FindObjectsByType<T>() or FindObjectsByType<T>(FindObjectsInactive) instead. InstanceID will be replaced in the future with EntityId and previous sort order cannot be maintained.'
Assets/Editor/MvpSceneBuilder.cs(72,17): warning CS0618: 'Object.FindFirstObjectByType<T>()' is obsolete: 'FindFirstObjectByType has been deprecated because it relies on instance ID ordering. Use FindAnyObjectByType instead, which does not depend on ordering.'
AssetDatabase: script compilation time: 3.107828s
Begin MonoManager ReloadAssembly
Total cache size 78609640
Total cache size after purge 78609640, took 00:00:00.0301025
Assembly Assembly-CSharp-Editor-firstpass.dll at Library/ScriptAssemblies/Assembly-CSharp-Editor-firstpass.dll not valid. Loading of assembly skipped.
Assembly Assembly-CSharp-firstpass.dll at Library/ScriptAssemblies/Assembly-CSharp-firstpass.dll not valid. Loading of assembly skipped.
Assembly Unity.Multiplayer.Center.Editor.Tests.dll at Library/ScriptAssemblies/Unity.Multiplayer.Center.Editor.Tests.dll not valid. Loading of assembly skipped.
Assembly Unity.Multiplayer.Center.Tests.dll at Library/ScriptAssemblies/Unity.Multiplayer.Center.Tests.dll not valid. Loading of assembly skipped.
Assembly Unity.TextMeshPro.Editor.Tests.dll at Library/ScriptAssemblies/Unity.TextMeshPro.Editor.Tests.dll not valid. Loading of assembly skipped.
Assembly Unity.TextMeshPro.Tests.dll at Library/ScriptAssemblies/Unity.TextMeshPro.Tests.dll not valid. Loading of assembly skipped.
Assembly UnityEditor.UI.Common.Tests.dll at Library/ScriptAssemblies/UnityEditor.UI.Common.Tests.dll not valid. Loading of assembly skipped.
Assembly UnityEditor.UI.EditorTests.dll at Library/ScriptAssemblies/UnityEditor.UI.EditorTests.dll not valid. Loading of assembly skipped.
Assembly UnityEngine.UI.Tests.dll at Library/ScriptAssemblies/UnityEngine.UI.Tests.dll not valid. Loading of assembly skipped.
Native extension for OSXStandalone target not found
Native extension for WebGL target not found
ScheduleIndexationOnStartup MainProcess:True IndexOnStartup:True
Mono: successfully reloaded assembly
- Finished resetting the current domain, in  0.256 seconds
Domain Reload Profiling: 432ms
	BeginReloadAssembly (101ms)
		DisableScriptedObjects (10ms)
		CreateAndSetChildDomain (24ms)
	RebuildCommonClasses (25ms)
	RebuildNativeTypeToScriptingClass (11ms)
	initialDomainReloadingComplete (17ms)
	LoadAllAssembliesAndSetupDomain (21ms)
		LoadAssemblies (43ms)
		AnalyzeDomain (14ms)
			TypeCache.Refresh (9ms)
				TypeCache.ScanAssembly (5ms)
			BuildScriptInfoCaches (3ms)
	FinalizeReload (257ms)
		SetupLoadedEditorAssemblies (0ms)
			InitializePlatformSupportModulesInManaged (13ms)
			BeforeProcessingInitializeOnLoad (68ms)
			ProcessInitializeOnLoadAttributes (47ms)
			ProcessInitializeOnLoadMethodAttributes (28ms)
		AwakeInstancesAfterBackupRestoration (10ms)
(Values over 0.050ms)
Asset Pipeline Refresh (id=2b7ea5c24fea34cdabc77fad398fe09f): Total: 3.695 seconds - Initiated by InitialRefreshV2(ForceSynchronousImport)
	Summary:
		Imports: total=0 (actual=0, local cache=0, cache server=0)
		Asset DB Process Time: managed=0 ms, native=356 ms
		Asset DB Callback time: managed=43 ms, native=6 ms
		Scripting: domain reloads=1, domain reload time=175 ms, compile time=3109 ms, other=3 ms
		Project Asset Count: scripts=218, non-scripts=129
		Asset File Changes: new=0, changed=1, moved=0, deleted=0
		Scan Filter Count: 1
	InvokePackagesCallback: 5.570ms
	ApplyChangesToAssetFolders: 0.171ms
	Scan: 57.463ms
	OnSourceAssetsModified: 0.455ms
	CategorizeScriptCompilationAssets: 0.983ms
	ProcessAssetsWithTransientArtifactChanges: 4.558ms
	CategorizeAssets: 1.652ms
	CompileScripts: 3108.868ms
	ImportOutOfDateAssets: 257.947ms (257.671ms without children)
		UnloadImportedAssets: 0.119ms
		EnsureUptoDateAssetsAreRegisteredWithGuidPM: 0.050ms
		OnDemandSchedulerStart: 0.106ms
	PostProcessAllAssets: 44.176ms
		VCAutoAddAssetPostprocess 0.574ms
		MonoPostProcessAllAssets: 43.376ms
			AssetPostprocessor.OnPostprocessAllAssets 16.812ms
			StyleCatalogPostProcessor.OnPostprocessAllAssets 7.726ms
			WindowAssetPostprocessingWatcher.OnPostprocessAllAssets 4.630ms
			BuilderAssetPostprocessor.OnPostprocessAllAssets 3.654ms
			SyncVS.PostprocessSyncProject 1.220ms
			AssetChangedListener.OnPostprocessAllAssets 0.864ms
			RetainedModeAssetPostprocessor.OnPostprocessAllAssets 0.680ms
			SpeedTree9Postprocessor.OnPostprocessAllAssets 0.409ms
			TMPro_TexturePostProcessor.OnPostprocessAllAssets 0.388ms
			TextAssetPostProcessor.OnPostprocessAllAssets 0.304ms
			ArtifactBrowserPostProcessor.OnPostprocessAllAssets 0.303ms
			ReferencedClipsPostProcessor.OnPostprocessAllAssets 0.193ms
			AudioMixerPostprocessor.OnPostprocessAllAssets 0.141ms
			AssetEvents.OnPostprocessAllAssets 0.120ms
			TerrainToolbarOverlayPostProcessor.OnPostprocessAllAssets 0.119ms
			AssetDatabaseCallbacks.OnPostprocessAllAssets 0.103ms
			ConfigAssetsTracker.OnPostprocessAllAssets 0.076ms
			SpeedTreePostProcessor.OnPostprocessAllAssets 0.076ms
			ScenarioDriftAssetsTracker.OnPostprocessAllAssets 0.073ms
	PostAssetChangesProfiler: 1.084ms
	UnloadStreamsBegin: 0.645ms
	GenerateScriptTypeHashes: 0.323ms
	GenerateScriptTypeSerializationHashes: 0.977ms
	Untracked: 209.629ms

Application.AssetDatabase Initial Refresh End
Launching external process: /Applications/Unity/Hub/Editor/6000.4.6f1/Unity.app/Contents/Helpers/UnityShaderCompiler
Launched and connected shader compiler UnityShaderCompiler after 0.03 seconds
Scanning for USB devices : 0.025ms
Initializing Unity extensions:
[MODES] ModeService[none].Initialize
[MODES] ModeService[none].LoadModes
[MODES] Loading mode Default (0) for mode-current-id-PushNotificationGod
2026-06-04 17:59:54.802 Unity[73290:11716290] NSEventModifierFlagFunction specified to -setKeyEquivalentModifierMask: for item <NSMenuItem: 0xa7ef13660 SDF, ke='Command-F12'>, but is only supported for system-provided menu items; will not be used
Unloading 4 Unused Serialized files (Serialized files now loaded: 0)
Unloading 454 unused Assets / (0.6 MB). Loaded Objects now: 1091.
Memory consumption went from 108.9 MB to 108.3 MB.
Total: 4.914750 ms (FindLiveObjects: 0.056291 ms CreateObjectMapping: 0.017000 ms MarkObjects: 4.534833 ms  DeleteObjects: 0.305500 ms)

2026-06-04 17:59:54.834 Unity[73290:11716290] NSEventModifierFlagFunction specified to -setKeyEquivalentModifierMask: for item <NSMenuItem: 0xa7ef13de0 SDF, ke='Command-F12'>, but is only supported for system-provided menu items; will not be used
Start importing Assets/Art/UI/notification_card_rounded.png using Guid(b4e942f6019464adb9625f6de34d10b9) (TextureImporter) -> (Import Result ID: '85fa0a316764cfb225bbedd9c649f79a') in 0.01219775 seconds [static and dynamic dependencies]. Details - ImportResultOutputID=fb4c1083246eb2513146a92db30d569a DependenciesID=50f6a8248d44264ddddbaaffdcdec42d StaticDependenciesID=1d065ca1fc49395c17f46a8d9f1184c4 
Asset Pipeline Refresh (id=e3a06bc67a15f4bb78f9cd3013c23ce6): Total: 0.024 seconds - Initiated by StopAssetImportingV2(NoUpdateAssetOptions)
Start importing Assets/Art/UI/notification_card_rounded.png using Guid(b4e942f6019464adb9625f6de34d10b9) (TextureImporter) -> (Import Result ID: '85fa0a316764cfb225bbedd9c649f79a') in 0.00244625 seconds [static and dynamic dependencies]. Details - ImportResultOutputID=fb4c1083246eb2513146a92db30d569a DependenciesID=50f6a8248d44264ddddbaaffdcdec42d StaticDependenciesID=1d065ca1fc49395c17f46a8d9f1184c4 
Asset Pipeline Refresh (id=5a7cbeed75e9e4fda9ccb180dc5a844d): Total: 0.007 seconds - Initiated by StopAssetImportingV2(NoUpdateAssetOptions)
Asset Pipeline Refresh (id=c55688b6856704a958ed8a109de7b957): Total: 0.003 seconds - Initiated by StopAssetImportingV2(NoUpdateAssetOptions)
Unloading 0 Unused Serialized files (Serialized files now loaded: 0)
Unloading 29 unused Assets / (3.4 KB). Loaded Objects now: 1093.
Memory consumption went from 106.8 MB to 106.8 MB.
Total: 4.423000 ms (FindLiveObjects: 0.042042 ms CreateObjectMapping: 0.010458 ms MarkObjects: 4.304542 ms  DeleteObjects: 0.065000 ms)

Start importing Assets/Scenes/TitleScene.unity using Guid(196237ff027eb4c7987e7c509257358f) (DefaultImporter) -> (Import Result ID: 'e7a69ad91cc3a021af2d8728095cc255') in 0.000780167 seconds [static dependencies only]. Details - ImportResultOutputID=8e0e098bbfe69d3c222d4d3f23397d5a DependenciesID=00be2d3322bed8b8b8d6f877d568a388 StaticDependenciesID=6c0584e3f774d96943ea83b3fd39e924 
Asset Pipeline Refresh (id=a228a2ab13daa41998a2597107a142d3): Total: 0.006 seconds - Initiated by StopAssetImportingV2(NoUpdateAssetOptions)
Unloading 0 Unused Serialized files (Serialized files now loaded: 0)
Unloading 1 unused Assets / (0.8 KB). Loaded Objects now: 1093.
Memory consumption went from 107.1 MB to 107.1 MB.
Total: 3.888875 ms (FindLiveObjects: 0.028000 ms CreateObjectMapping: 0.009000 ms MarkObjects: 3.840958 ms  DeleteObjects: 0.010709 ms)

Start importing Assets/Scenes/GameScene.unity using Guid(9de80bc56761a4d5eb0d27df63263f95) (DefaultImporter) -> (Import Result ID: '2906c244ab84de4b5e93889dc935df84') in 0.000541958 seconds [static dependencies only]. Details - ImportResultOutputID=c05f4e36695ed729ad6a93392d688efc DependenciesID=709f78cfda7d994e99edcc75c0367929 StaticDependenciesID=588a3c5bd250beac23aaa04cff4c529e 
Asset Pipeline Refresh (id=3375e76eb32b94de2a95bc9192acde0e): Total: 0.004 seconds - Initiated by StopAssetImportingV2(NoUpdateAssetOptions)
Unloading 0 Unused Serialized files (Serialized files now loaded: 0)
Unloading 27 unused Assets / (4.9 KB). Loaded Objects now: 1093.
Memory consumption went from 107.2 MB to 107.2 MB.
Total: 3.939000 ms (FindLiveObjects: 0.029458 ms CreateObjectMapping: 0.009250 ms MarkObjects: 3.873917 ms  DeleteObjects: 0.026084 ms)

Start importing Assets/Scenes/ResultScene.unity using Guid(a0ab29e6c7d954e439233b7f4c192370) (DefaultImporter) -> (Import Result ID: 'f903e000106c498d5b36ea607f76a9b2') in 0.000431833 seconds [static dependencies only]. Details - ImportResultOutputID=0c01d7effdeef8c58a8bb5358a2d312f DependenciesID=41b36f9bb65483dbf38eb3d67325998a StaticDependenciesID=6668255cec2083101329de350af745f6 
Asset Pipeline Refresh (id=5823dda3f3d6b4379a898bd357b5cf49): Total: 0.004 seconds - Initiated by StopAssetImportingV2(NoUpdateAssetOptions)
Start importing ProjectSettings/ProjectSettings.asset using Guid(00000000000000004000000000000000) (LibraryAssetImporter) -> (Import Result ID: '61046821ffe396c3c90917287a96272e') in 0.00083125 seconds [static dependencies only]. Details - ImportResultOutputID=d3ca6db29495033f6ec6c171ea098da8 DependenciesID=e4dfaa64e86a0abaf1f1f92bd4e1601a StaticDependenciesID=f94423eb6e8e56bcc718be518af5d184 
Asset Pipeline Refresh (id=78201fdcc51624c0b8438fd5c6ea9a30): Total: 0.004 seconds - Initiated by StopAssetImportingV2(NoUpdateAssetOptions)
Asset Pipeline Refresh (id=2ec00dc14823f43d488a3a515c31093b): Total: 0.010 seconds - Initiated by RefreshV2(NoUpdateAssetOptions)
Batchmode quit successfully invoked - shutting down!
Curl error 42: Callback aborted
Thread 0x17129b000 may have been prematurely finalized
Input System module state changed to: ShutdownInProgress.
Input Polling Thread exited.
Input System module state changed to: Shutdown.
[Physics::Module] Cleanup current backend.
[Physics::Module] Id: 0xf2b8ea05
[Licensing::IpcConnector] LicenseClient-user-6000.4.6-notifications channel disconnected successfully.
[Licensing::IpcConnector] LicenseClient-user-6000.4.6 channel disconnected successfully.
Thread 0x16bb9b000 may have been prematurely finalized
Thread 0x16bc27000 may have been prematurely finalized
AcceleratorClientConnectionCallback - disconnected - :0
info: Microsoft.Hosting.Lifetime[0]
      Application is shutting down...
Cleanup mono
CodeReloadManager destroyed
debugger-agent: Unable to listen on 43
Exiting batchmode successfully now!
[Package Manager] Server process was shutdown
