Unity Editor version:    6000.4.6f1 (0b051c2e5d54)
Branch:                  6000.4/staging
Build type:              Release
Batch mode:              YES
macOS version:           Version 26.4.1 (Build 25E253)
Darwin version:          25.4.0
Architecture:            arm64
Running under Rosetta:   NO
Available memory:        16384 MB
Date:                    2026-06-05T05:43:59Z
[Licensing::Module] Trying to connect to existing licensing client channel...
[Licensing::IpcConnector] Successfully connected to: "LicenseClient-user" at "2026-06-05T05:43:59.586627Z"
Launching external process: /Applications/Unity/Hub/Editor/6000.4.6f1/Unity.app/Contents/Helpers/PackageManager/Server/UnityPackageManager

COMMAND LINE ARGUMENTS:
/Applications/Unity/Hub/Editor/6000.4.6f1/Unity.app/Contents/MacOS/Unity
-batchmode
-quit
-projectPath
/Users/user/Documents/UnityProjects/PushNotificationGod
-logFile
/Users/user/Documents/UnityProjects/PushNotificationGod/Logs/SnsTasksCompile.log
Successfully changed project path to: /Users/user/Documents/UnityProjects/PushNotificationGod
/Users/user/Documents/UnityProjects/PushNotificationGod
[UnityMemory] Configuration Parameters - Can be set up in boot.config
    "memorysetup-temp-allocator-size-gi-baking-worker=262144"
    "memorysetup-temp-allocator-size-gi-baking-worker=262144"
    "memorysetup-temp-allocator-size-gi-baking-worker=262144"
    "memorysetup-temp-allocator-size-gi-baking-worker=262144"
    "memorysetup-temp-allocator-size-gi-baking-worker=262144"
    "memorysetup-temp-allocator-size-nav-mesh-worker=65536"
    "memorysetup-temp-allocator-size-audio-worker=65536"
    "memorysetup-temp-allocator-size-cloud-worker=32768"
    "memorysetup-allocator-temp-initial-block-size-main=262144"
    "memorysetup-allocator-temp-initial-block-size-worker=262144"
    "memorysetup-temp-allocator-size-background-worker=32768"
    "memorysetup-temp-allocator-size-job-worker=262144"
    "memorysetup-temp-allocator-size-preload-manager=33554432"
    "memorysetup-temp-allocator-size-gfx=262144"
    "memorysetup-bucket-allocator-granularity=16"
    "memorysetup-bucket-allocator-bucket-count=8"
    "memorysetup-bucket-allocator-block-size=33554432"
    "memorysetup-bucket-allocator-block-count=8"
    "memorysetup-main-allocator-block-size=16777216"
    "memorysetup-thread-allocator-block-size=16777216"
    "memorysetup-gfx-main-allocator-block-size=16777216"
    "memorysetup-gfx-thread-allocator-block-size=16777216"
    "memorysetup-cache-allocator-block-size=4194304"
    "memorysetup-typetree-allocator-block-size=2097152"
    "memorysetup-profiler-bucket-allocator-granularity=16"
    "memorysetup-profiler-bucket-allocator-bucket-count=8"
    "memorysetup-profiler-bucket-allocator-block-size=33554432"
    "memorysetup-profiler-bucket-allocator-block-count=8"
    "memorysetup-profiler-allocator-block-size=16777216"
    "memorysetup-profiler-editor-allocator-block-size=1048576"
    "memorysetup-temp-allocator-size-main=16777216"
    "memorysetup-job-temp-allocator-block-size=2097152"
    "memorysetup-job-temp-allocator-block-size-background=1048576"
    "memorysetup-job-temp-allocator-reduction-small-platforms=262144"
Player connection [8381077696]  Target information:

Player connection [8381077696]  * "[IP] 192.168.1.4 [Port] 55504 [Flags] 2 [Guid] 4057024319 [EditorId] 4057024319 [Version] 1048832 [Id] OSXEditor(0,usernoMacBook-Air.local) [Debug] 1 [PackageName] OSXEditor [ProjectName] Editor" 

Player connection [8381077696] Host joined multi-casting on [225.0.0.222:54997]...
Player connection [8381077696] Host joined alternative multi-casting on [225.0.0.222:34997]...
Input System module state changed to: Initialized.
[Physics::Module] Initialized fallback backend.
[Physics::Module] Id: 0xdecafbad
[Package Manager] Connected to IPC stream "Upm-78963" after 0.2 seconds.
[Licensing::Module] Licensing is not yet initialized.
[Licensing::Client] Error: HandshakeResponse reported an error:
	ResponseCode: 505
	ResponseStatus: Unsupported protocol version '1.18.1'.
[Licensing::Module] Error: Failed to handshake to channel: "LicenseClient-user"
[Licensing::IpcConnector] LicenseClient-user channel disconnected successfully.
[Licensing::IpcConnector] Channel LicenseClient-user-6000.4.6 doesn't exist
Launching external process: /Applications/Unity/Hub/Editor/6000.4.6f1/Unity.app/Contents/Helpers/UnityLicensingClient.app/Contents/MacOS/Unity.Licensing.Client
[Licensing::Module] Successfully launched the LicensingClient (PId: 78966)
[Licensing::IpcConnector] Successfully connected to: "LicenseClient-user-6000.4.6" at "2026-06-05T05:44:00.345237Z"
[Licensing::Client] Handshaking with LicensingClient:
  Version:                 1.18.1+9fbee8e
  Session Id:              51697a0f68f14766901a3a3edd5e8753
  Correlation Id:          65c1fe2c0e7f2e651e5f64a2f8a75e2f
  External correlation Id: 6028935504992441333
  Machine Id:              dfPQlxD1sMgPma9v0p8fSxOU5X8=
[Licensing::Module] Successfully connected to LicensingClient on channel: "LicenseClient-user-6000.4.6" (connect: 0.39s, validation: 0.02s, handshake: 0.33s)
[Licensing::IpcConnector] Successfully connected to: "LicenseClient-user-6000.4.6-notifications" at "2026-06-05T05:44:00.697681Z"
[Licensing::Module] Connected to LicensingClient (PId: 78966, launch time: 0.00, total connection time: 0.74s)
[Licensing::Module] Error: Access token is unavailable; failed to update
[Licensing::Client] Successfully resolved entitlement details
[Licensing::Module] License group:
  Id: 15669700947987-UnityPersXXXX
  Product: Unity Personal
  Type: Assigned
  Expiration: Unlimited
[Licensing::Client] Successfully updated license, isAsync: True, time: 0.00
[Licensing::Client] Successfully resolved entitlement details
[Licensing::Module] Licensing Background thread has ended after 1.12s
[Licensing::Module] Licensing is initialized (took 0.86s).
[Licensing::Client] Successfully resolved entitlement details
Library Redirect Path: Library/
[Physics::Module] Selected backend.
[Physics::Module] Name: PhysX
[Physics::Module] Id: 0xf2b8ea05
[Physics::Module] SDK Version: 4.1.2
[Physics::Module] Integration Version: 1.0.0
[Physics::Module] Threading Mode: Multi-Threaded
Artifact Garbage Collection - Removed 2 unused hashed content files
Initialize engine version: 6000.4.6f1 (0b051c2e5d54)
[Subsystems] Discovering subsystems at path /Applications/Unity/Hub/Editor/6000.4.6f1/Unity.app/Contents/Resources/UnitySubsystems
[Subsystems] Discovering subsystems at path /Users/user/Documents/UnityProjects/PushNotificationGod/Assets
GfxDevice: creating device client; kGfxThreadingModeNonThreaded
 preferred device: Apple M1 (high power)
Metal devices available: 1
0: Apple M1 (high power)
Using device Apple M1 (high power)
Initializing Metal device caps: Apple M1
Mac GPU Family: 2
Apple GPU Family: 7
MSL Version: 3.0
Has Float MSAA: 1
Has Float Filtering: 1
ReadWrite Texture Tier: 2
Initialize mono
Mono path[0] = '/Applications/Unity/Hub/Editor/6000.4.6f1/Unity.app/Contents/Resources/Scripting/Managed'
Mono path[1] = '/Applications/Unity/Hub/Editor/6000.4.6f1/Unity.app/Contents/Resources/Scripting/MonoBleedingEdge/lib/mono/unityjit-macos'
Mono config path = '/Applications/Unity/Hub/Editor/6000.4.6f1/Unity.app/Contents/Resources/Scripting/MonoBleedingEdge/etc'
Using monoOptions --debugger-agent=transport=dt_socket,embedding=1,server=y,suspend=n,address=127.0.0.1:56963
CodeReloadManager initialized
Using cacheserver namespaces - metadata:defaultmetadata, artifacts:defaultartifacts
Using cacheserver namespaces - metadata:defaultmetadata, artifacts:defaultartifacts
ImportWorker Server TCP listen port: 0
AcceleratorClientConnectionCallback - disconnected - :0
Begin MonoManager ReloadAssembly
Registering precompiled unity dll's ...
Register platform support module: /Applications/Unity/Hub/Editor/6000.4.6f1/PlaybackEngines/WebGLSupport/UnityEditor.WebGL.Extensions.dll
Register platform support module: /Applications/Unity/Hub/Editor/6000.4.6f1/Unity.app/Contents/PlaybackEngines/MacStandaloneSupport/UnityEditor.OSXStandalone.Extensions.dll
Registered in 0.000486 seconds.
Native extension for OSXStandalone target not found
Native extension for WebGL target not found
Package Manager log level set to [2]
ScheduleIndexationOnStartup MainProcess:False IndexOnStartup:True
Mono: successfully reloaded assembly
- Finished resetting the current domain, in  0.237 seconds
Domain Reload Profiling: 506ms
	BeginReloadAssembly (67ms)
		CreateAndSetChildDomain (14ms)
	RebuildCommonClasses (24ms)
	RebuildNativeTypeToScriptingClass (11ms)
	initialDomainReloadingComplete (31ms)
	LoadAllAssembliesAndSetupDomain (135ms)
		LoadAssemblies (53ms)
		AnalyzeDomain (129ms)
			TypeCache.Refresh (128ms)
				TypeCache.ScanAssembly (118ms)
	FinalizeReload (238ms)
		SetupLoadedEditorAssemblies (0ms)
			InitializePlatformSupportModulesInManaged (25ms)
			BeforeProcessingInitializeOnLoad (54ms)
			ProcessInitializeOnLoadAttributes (63ms)
			ProcessInitializeOnLoadMethodAttributes (51ms)
[Licensing::Client] Successfully resolved entitlement details
Application.AssetDatabase Initial Refresh Start
[Package Manager] Restoring resolved packages state from cache
[Licensing::Client] Successfully resolved entitlement details
[Package Manager] Registered 38 packages:
  Built-in packages:
    com.unity.ugui@2.0.0 (location: /Users/user/Documents/UnityProjects/PushNotificationGod/Library/PackageCache/com.unity.ugui@473409526770)
    com.unity.multiplayer.center@1.0.1 (location: /Users/user/Documents/UnityProjects/PushNotificationGod/Library/PackageCache/com.unity.multiplayer.center@f01f4ba8d00a)
    com.unity.modules.accessibility@1.0.0 (location: /Users/user/Documents/UnityProjects/PushNotificationGod/Library/PackageCache/com.unity.modules.accessibility)
    com.unity.modules.adaptiveperformance@1.0.0 (location: /Users/user/Documents/UnityProjects/PushNotificationGod/Library/PackageCache/com.unity.modules.adaptiveperformance)
    com.unity.modules.ai@1.0.0 (location: /Users/user/Documents/UnityProjects/PushNotificationGod/Library/PackageCache/com.unity.modules.ai)
    com.unity.modules.androidjni@1.0.0 (location: /Users/user/Documents/UnityProjects/PushNotificationGod/Library/PackageCache/com.unity.modules.androidjni)
    com.unity.modules.animation@1.0.0 (location: /Users/user/Documents/UnityProjects/PushNotificationGod/Library/PackageCache/com.unity.modules.animation)
    com.unity.modules.assetbundle@1.0.0 (location: /Users/user/Documents/UnityProjects/PushNotificationGod/Library/PackageCache/com.unity.modules.assetbundle)
    com.unity.modules.audio@1.0.0 (location: /Users/user/Documents/UnityProjects/PushNotificationGod/Library/PackageCache/com.unity.modules.audio)
    com.unity.modules.cloth@1.0.0 (location: /Users/user/Documents/UnityProjects/PushNotificationGod/Library/PackageCache/com.unity.modules.cloth)
    com.unity.modules.director@1.0.0 (location: /Users/user/Documents/UnityProjects/PushNotificationGod/Library/PackageCache/com.unity.modules.director)
    com.unity.modules.imageconversion@1.0.0 (location: /Users/user/Documents/UnityProjects/PushNotificationGod/Library/PackageCache/com.unity.modules.imageconversion)
    com.unity.modules.imgui@1.0.0 (location: /Users/user/Documents/UnityProjects/PushNotificationGod/Library/PackageCache/com.unity.modules.imgui)
    com.unity.modules.jsonserialize@1.0.0 (location: /Users/user/Documents/UnityProjects/PushNotificationGod/Library/PackageCache/com.unity.modules.jsonserialize)
    com.unity.modules.particlesystem@1.0.0 (location: /Users/user/Documents/UnityProjects/PushNotificationGod/Library/PackageCache/com.unity.modules.particlesystem)
    com.unity.modules.physics@1.0.0 (location: /Users/user/Documents/UnityProjects/PushNotificationGod/Library/PackageCache/com.unity.modules.physics)
    com.unity.modules.physics2d@1.0.0 (location: /Users/user/Documents/UnityProjects/PushNotificationGod/Library/PackageCache/com.unity.modules.physics2d)
    com.unity.modules.screencapture@1.0.0 (location: /Users/user/Documents/UnityProjects/PushNotificationGod/Library/PackageCache/com.unity.modules.screencapture)
    com.unity.modules.terrain@1.0.0 (location: /Users/user/Documents/UnityProjects/PushNotificationGod/Library/PackageCache/com.unity.modules.terrain)
    com.unity.modules.terrainphysics@1.0.0 (location: /Users/user/Documents/UnityProjects/PushNotificationGod/Library/PackageCache/com.unity.modules.terrainphysics)
    com.unity.modules.tilemap@1.0.0 (location: /Users/user/Documents/UnityProjects/PushNotificationGod/Library/PackageCache/com.unity.modules.tilemap)
    com.unity.modules.ui@1.0.0 (location: /Users/user/Documents/UnityProjects/PushNotificationGod/Library/PackageCache/com.unity.modules.ui)
    com.unity.modules.uielements@1.0.0 (location: /Users/user/Documents/UnityProjects/PushNotificationGod/Library/PackageCache/com.unity.modules.uielements)
    com.unity.modules.umbra@1.0.0 (location: /Users/user/Documents/UnityProjects/PushNotificationGod/Library/PackageCache/com.unity.modules.umbra)
    com.unity.modules.unityanalytics@1.0.0 (location: /Users/user/Documents/UnityProjects/PushNotificationGod/Library/PackageCache/com.unity.modules.unityanalytics)
    com.unity.modules.unitywebrequest@1.0.0 (location: /Users/user/Documents/UnityProjects/PushNotificationGod/Library/PackageCache/com.unity.modules.unitywebrequest)
    com.unity.modules.unitywebrequestassetbundle@1.0.0 (location: /Users/user/Documents/UnityProjects/PushNotificationGod/Library/PackageCache/com.unity.modules.unitywebrequestassetbundle)
    com.unity.modules.unitywebrequestaudio@1.0.0 (location: /Users/user/Documents/UnityProjects/PushNotificationGod/Library/PackageCache/com.unity.modules.unitywebrequestaudio)
    com.unity.modules.unitywebrequesttexture@1.0.0 (location: /Users/user/Documents/UnityProjects/PushNotificationGod/Library/PackageCache/com.unity.modules.unitywebrequesttexture)
    com.unity.modules.unitywebrequestwww@1.0.0 (location: /Users/user/Documents/UnityProjects/PushNotificationGod/Library/PackageCache/com.unity.modules.unitywebrequestwww)
    com.unity.modules.vectorgraphics@1.0.0 (location: /Users/user/Documents/UnityProjects/PushNotificationGod/Library/PackageCache/com.unity.modules.vectorgraphics)
    com.unity.modules.vehicles@1.0.0 (location: /Users/user/Documents/UnityProjects/PushNotificationGod/Library/PackageCache/com.unity.modules.vehicles)
    com.unity.modules.video@1.0.0 (location: /Users/user/Documents/UnityProjects/PushNotificationGod/Library/PackageCache/com.unity.modules.video)
    com.unity.modules.vr@1.0.0 (location: /Users/user/Documents/UnityProjects/PushNotificationGod/Library/PackageCache/com.unity.modules.vr)
    com.unity.modules.wind@1.0.0 (location: /Users/user/Documents/UnityProjects/PushNotificationGod/Library/PackageCache/com.unity.modules.wind)
    com.unity.modules.xr@1.0.0 (location: /Users/user/Documents/UnityProjects/PushNotificationGod/Library/PackageCache/com.unity.modules.xr)
    com.unity.modules.subsystems@1.0.0 (location: /Users/user/Documents/UnityProjects/PushNotificationGod/Library/PackageCache/com.unity.modules.subsystems)
    com.unity.modules.hierarchycore@1.0.0 (location: /Users/user/Documents/UnityProjects/PushNotificationGod/Library/PackageCache/com.unity.modules.hierarchycore)
[Subsystems] No new subsystems found in resolved package list.
[Package Manager] Done registering packages in 0.00 seconds
[ScriptCompilation] Requested script compilation because: AssetDatabase observed changes in script compilation related files
info: Microsoft.Hosting.Lifetime[14]
      Now listening on: http://unix:/tmp/ilpp.sock-b5e68dd75172f0d20bd86e41ff9dd503
info: Microsoft.Hosting.Lifetime[0]
      Application started. Press Ctrl+C to shut down.
info: Microsoft.Hosting.Lifetime[0]
      Hosting environment: Production
info: Microsoft.Hosting.Lifetime[0]
      Content root path: /Users/user/Documents/UnityProjects/PushNotificationGod
info: Microsoft.AspNetCore.Hosting.Diagnostics[1]
      Request starting HTTP/2 POST http://ilpp/UnityILPP.PostProcessing/Ping - application/grpc -
info: Microsoft.AspNetCore.Routing.EndpointMiddleware[0]
      Executing endpoint 'gRPC - /UnityILPP.PostProcessing/Ping'
info: Microsoft.AspNetCore.Routing.EndpointMiddleware[1]
      Executed endpoint 'gRPC - /UnityILPP.PostProcessing/Ping'
info: Microsoft.AspNetCore.Hosting.Diagnostics[2]
      Request finished HTTP/2 POST http://ilpp/UnityILPP.PostProcessing/Ping - 200 - application/grpc 17.1815ms
Starting: /Applications/Unity/Hub/Editor/6000.4.6f1/Unity.app/Contents/Resources/BuildPipeline/bee_backend --ipc --defer-dag-verification --dagfile="Library/Bee/200b0aE.dag" --continue-on-failure --profile="Library/Bee/backend1.traceevents" ScriptAssemblies
WorkingDir: /Users/user/Documents/UnityProjects/PushNotificationGod
DisplayProgressbar: Compiling Scripts
ExitCode: 0 Duration: 2s66ms
[229/232    2s] Csc Library/Bee/artifacts/200b0aE.dag/Assembly-CSharp-Editor.dll (+2 others)
[230/232    0s] CopyFiles Library/ScriptAssemblies/Assembly-CSharp-Editor.dll
[231/232    0s] CopyFiles Library/ScriptAssemblies/Assembly-CSharp-Editor.pdb
*** Tundra build success (2.04 seconds), 3 items updated, 232 evaluated
AssetDatabase: script compilation time: 2.412185s
Begin MonoManager ReloadAssembly
Total cache size 78609640
Total cache size after purge 78609640, took 00:00:00.0496942
Assembly Assembly-CSharp-Editor-firstpass.dll at Library/ScriptAssemblies/Assembly-CSharp-Editor-firstpass.dll not valid. Loading of assembly skipped.
Assembly Assembly-CSharp-firstpass.dll at Library/ScriptAssemblies/Assembly-CSharp-firstpass.dll not valid. Loading of assembly skipped.
Assembly Unity.Multiplayer.Center.Editor.Tests.dll at Library/ScriptAssemblies/Unity.Multiplayer.Center.Editor.Tests.dll not valid. Loading of assembly skipped.
Assembly Unity.Multiplayer.Center.Tests.dll at Library/ScriptAssemblies/Unity.Multiplayer.Center.Tests.dll not valid. Loading of assembly skipped.
Assembly Unity.TextMeshPro.Editor.Tests.dll at Library/ScriptAssemblies/Unity.TextMeshPro.Editor.Tests.dll not valid. Loading of assembly skipped.
Assembly Unity.TextMeshPro.Tests.dll at Library/ScriptAssemblies/Unity.TextMeshPro.Tests.dll not valid. Loading of assembly skipped.
Assembly UnityEditor.UI.Common.Tests.dll at Library/ScriptAssemblies/UnityEditor.UI.Common.Tests.dll not valid. Loading of assembly skipped.
Assembly UnityEditor.UI.EditorTests.dll at Library/ScriptAssemblies/UnityEditor.UI.EditorTests.dll not valid. Loading of assembly skipped.
Assembly UnityEngine.UI.Tests.dll at Library/ScriptAssemblies/UnityEngine.UI.Tests.dll not valid. Loading of assembly skipped.
Native extension for OSXStandalone target not found
Native extension for WebGL target not found
ScheduleIndexationOnStartup MainProcess:True IndexOnStartup:True
Mono: successfully reloaded assembly
- Finished resetting the current domain, in  0.253 seconds
Domain Reload Profiling: 440ms
	BeginReloadAssembly (112ms)
		DisableScriptedObjects (13ms)
		CreateAndSetChildDomain (28ms)
	RebuildCommonClasses (25ms)
	RebuildNativeTypeToScriptingClass (10ms)
	initialDomainReloadingComplete (17ms)
	LoadAllAssembliesAndSetupDomain (21ms)
		LoadAssemblies (44ms)
		AnalyzeDomain (14ms)
			TypeCache.Refresh (9ms)
				TypeCache.ScanAssembly (5ms)
			BuildScriptInfoCaches (3ms)
	FinalizeReload (254ms)
		SetupLoadedEditorAssemblies (0ms)
			InitializePlatformSupportModulesInManaged (13ms)
			BeforeProcessingInitializeOnLoad (68ms)
			ProcessInitializeOnLoadAttributes (46ms)
			ProcessInitializeOnLoadMethodAttributes (28ms)
		AwakeInstancesAfterBackupRestoration (9ms)
Start importing Assets/Scenes/GameScene.unity using Guid(9de80bc56761a4d5eb0d27df63263f95) (DefaultImporter) -> (Import Result ID: '226a60e312f3dc12cac967c528d8d940') in 0.003799458 seconds [static dependencies only]. Details - ImportResultOutputID=c05f4e36695ed729ad6a93392d688efc DependenciesID=b20b360b37de5b2067afda43827a4ceb StaticDependenciesID=d2d8c2107cc858a92ac6eb3c37e083f2 
Start importing Assets/GameData/tasks.csv using Guid(c35b7ed7da39f45809b0a8e285d41981) (TextScriptImporter) -> (Import Result ID: 'de53bd6f182c4afcdf7fe8c43c5dc111') in 0.000752209 seconds [static dependencies only]. Details - ImportResultOutputID=9d66d86ddd97a02f91683dd207c0616c DependenciesID=3d9097dfba4a6b70ce0d3334b94efca5 StaticDependenciesID=d89f8399357786d92764ac1c0461c9b4 
(Values over 0.050ms)
Asset Pipeline Refresh (id=b300041a7df5a479ca6dbf7f3d2d1c95): Total: 3.027 seconds - Initiated by InitialRefreshV2(ForceSynchronousImport)
	Summary:
		Imports: total=2 (actual=2, local cache=0, cache server=0)
		Asset DB Process Time: managed=1 ms, native=373 ms
		Asset DB Callback time: managed=42 ms, native=5 ms
		Scripting: domain reloads=1, domain reload time=186 ms, compile time=2413 ms, other=3 ms
		Project Asset Count: scripts=219, non-scripts=151
		Asset File Changes: new=0, changed=3, moved=0, deleted=0
		Scan Filter Count: 1
	InvokePackagesCallback: 5.578ms
	ApplyChangesToAssetFolders: 0.192ms
	Scan: 73.988ms
	OnSourceAssetsModified: 0.495ms
	CategorizeScriptCompilationAssets: 0.998ms
	ProcessAssetsWithTransientArtifactChanges: 4.718ms
	CategorizeAssets: 1.851ms
	CompileScripts: 2413.228ms
	ImportOutOfDateAssets: 260.222ms (254.391ms without children)
		ImportManagerImport: 5.535ms (0.520ms without children)
		UnloadImportedAssets: 0.118ms
		EnsureUptoDateAssetsAreRegisteredWithGuidPM: 0.053ms
		OnDemandSchedulerStart: 0.120ms
	PostProcessAllAssets: 42.627ms
		VCAutoAddAssetPostprocess 0.552ms
		MonoPostProcessAllAssets: 41.856ms
			AssetPostprocessor.OnPostprocessAllAssets 16.612ms
			StyleCatalogPostProcessor.OnPostprocessAllAssets 7.736ms
			WindowAssetPostprocessingWatcher.OnPostprocessAllAssets 3.980ms
			BuilderAssetPostprocessor.OnPostprocessAllAssets 3.640ms
			SyncVS.PostprocessSyncProject 1.186ms
			AssetChangedListener.OnPostprocessAllAssets 0.868ms
			RetainedModeAssetPostprocessor.OnPostprocessAllAssets 0.660ms
			SpeedTree9Postprocessor.OnPostprocessAllAssets 0.402ms
			TMPro_TexturePostProcessor.OnPostprocessAllAssets 0.376ms
			TextAssetPostProcessor.OnPostprocessAllAssets 0.309ms
			ArtifactBrowserPostProcessor.OnPostprocessAllAssets 0.289ms
			ReferencedClipsPostProcessor.OnPostprocessAllAssets 0.185ms
			AudioMixerPostprocessor.OnPostprocessAllAssets 0.138ms
			AssetEvents.OnPostprocessAllAssets 0.118ms
			TerrainToolbarOverlayPostProcessor.OnPostprocessAllAssets 0.116ms
			AssetDatabaseCallbacks.OnPostprocessAllAssets 0.079ms
			SpeedTreePostProcessor.OnPostprocessAllAssets 0.075ms
			ConfigAssetsTracker.OnPostprocessAllAssets 0.063ms
			ScenarioDriftAssetsTracker.OnPostprocessAllAssets 0.058ms
	PostAssetChangesProfiler: 0.467ms
	UnloadStreamsBegin: 0.680ms
	GenerateScriptTypeHashes: 0.349ms
	GenerateScriptTypeSerializationHashes: 1.039ms
	Untracked: 220.581ms

Application.AssetDatabase Initial Refresh End
Launching external process: /Applications/Unity/Hub/Editor/6000.4.6f1/Unity.app/Contents/Helpers/UnityShaderCompiler
Launched and connected shader compiler UnityShaderCompiler after 0.03 seconds
Scanning for USB devices : 0.027ms
Initializing Unity extensions:
[MODES] ModeService[none].Initialize
[MODES] ModeService[none].LoadModes
[MODES] Loading mode Default (0) for mode-current-id-PushNotificationGod
2026-06-04 22:44:04.656 Unity[78963:11930845] NSEventModifierFlagFunction specified to -setKeyEquivalentModifierMask: for item <NSMenuItem: 0xbe1207b60 SDF, ke='Command-F12'>, but is only supported for system-provided menu items; will not be used
Unloading 4 Unused Serialized files (Serialized files now loaded: 0)
Unloading 463 unused Assets / (0.6 MB). Loaded Objects now: 1101.
Memory consumption went from 110.0 MB to 109.4 MB.
Total: 4.586375 ms (FindLiveObjects: 0.057541 ms CreateObjectMapping: 0.013250 ms MarkObjects: 4.222208 ms  DeleteObjects: 0.292792 ms)

2026-06-04 22:44:04.683 Unity[78963:11930845] NSEventModifierFlagFunction specified to -setKeyEquivalentModifierMask: for item <NSMenuItem: 0xbe1207660 SDF, ke='Command-F12'>, but is only supported for system-provided menu items; will not be used
Batchmode quit successfully invoked - shutting down!
Thread 0x170687000 may have been prematurely finalized
Input System module state changed to: ShutdownInProgress.
Input Polling Thread exited.
Input System module state changed to: Shutdown.
Curl error 42: Callback aborted
[Physics::Module] Cleanup current backend.
[Physics::Module] Id: 0xf2b8ea05
[Licensing::IpcConnector] LicenseClient-user-6000.4.6-notifications channel disconnected successfully.
[Licensing::IpcConnector] LicenseClient-user-6000.4.6 channel disconnected successfully.
Thread 0x16c40b000 may have been prematurely finalized
Thread 0x16c497000 may have been prematurely finalized
AcceleratorClientConnectionCallback - disconnected - :0
info: Microsoft.Hosting.Lifetime[0]
      Application is shutting down...
Cleanup mono
CodeReloadManager destroyed
debugger-agent: Unable to listen on 43
Exiting batchmode successfully now!
[Package Manager] Server process was shutdown
